2015/10/22 10:46:54 [notice] 14#0: using the "epoll" event method
2015/10/22 10:46:54 [notice] 14#0: nginx/1.8.0
2015/10/22 10:46:54 [notice] 14#0: built by gcc 4.9.2 (Debian 4.9.2-10) 
2015/10/22 10:46:54 [notice] 14#0: OS: Linux 3.19.0-30-generic
2015/10/22 10:46:54 [notice] 14#0: getrlimit(RLIMIT_NOFILE): 524288:1048576
2015/10/22 10:46:54 [notice] 14#0: start worker processes
2015/10/22 10:46:54 [notice] 14#0: start worker process 15
2015/10/22 10:50:32 [notice] 14#0: using the "epoll" event method
2015/10/22 10:50:32 [notice] 14#0: nginx/1.8.0
2015/10/22 10:50:32 [notice] 14#0: built by gcc 4.9.2 (Debian 4.9.2-10) 
2015/10/22 10:50:32 [notice] 14#0: OS: Linux 3.19.0-30-generic
2015/10/22 10:50:32 [notice] 14#0: getrlimit(RLIMIT_NOFILE): 524288:1048576
2015/10/22 10:50:32 [notice] 14#0: start worker processes
2015/10/22 10:50:32 [notice] 14#0: start worker process 15
2015/10/22 10:52:33 [notice] 11#0: using the "epoll" event method
2015/10/22 10:52:33 [notice] 11#0: nginx/1.8.0
2015/10/22 10:52:33 [notice] 11#0: built by gcc 4.9.2 (Debian 4.9.2-10) 
2015/10/22 10:52:33 [notice] 11#0: OS: Linux 3.19.0-30-generic
2015/10/22 10:52:33 [notice] 11#0: getrlimit(RLIMIT_NOFILE): 524288:1048576
2015/10/22 10:52:33 [notice] 11#0: start worker processes
2015/10/22 10:52:33 [notice] 11#0: start worker process 12
2015/10/22 10:55:27 [notice] 11#0: using the "epoll" event method
2015/10/22 10:55:27 [notice] 11#0: nginx/1.8.0
2015/10/22 10:55:27 [notice] 11#0: built by gcc 4.9.2 (Debian 4.9.2-10) 
2015/10/22 10:55:27 [notice] 11#0: OS: Linux 3.19.0-30-generic
2015/10/22 10:55:27 [notice] 11#0: getrlimit(RLIMIT_NOFILE): 524288:1048576
2015/10/22 10:55:27 [notice] 11#0: start worker processes
2015/10/22 10:55:27 [notice] 11#0: start worker process 12
